0.7637 	WARNING 	We strongly recommend you activate the PTB sound engine in PsychoPy prefs as the preferred audio engine. Its timing is vastly superior. Your prefs are currently set to use ['sounddevice', 'PTB', 'pyo', 'pygame'] (in that order).
18.7666 	WARNING 	User requested fullscreen with size [1024  768], but screen is actually [2048, 1152]. Using actual size
19.9539 	EXP 	Created window1 = Window(allowGUI=True, allowStencil=False, autoLog=True, backendConf=UNKNOWN, bitsMode=UNKNOWN, blendMode='avg', bpc=(8, 8, 8), color=array([0, 0, 0]), colorSpace='rgb', depthBits=8, fullscr=<method-wrapper '__getattribute__' of attributeSetter object at 0x000002C1B8366DC0>, gamma=None, gammaErrorPolicy='raise', lms=UNKNOWN, monitor=<psychopy.monitors.calibTools.Monitor object at 0x000002C1FE4411C0>, multiSample=False, name='window1', numSamples=2, pos=(2048, 0), screen=0, size=array([2048, 1152]), stencilBits=0, stereo=False, units='height', useFBO=True, useRetina=False, viewOri=0.0, viewPos=None, viewScale=None, waitBlanking=True, winType='pyglet')
19.9540 	EXP 	window1: mouseVisible = True
19.9541 	EXP 	window1: mouseVisible = False
19.9541 	EXP 	window1: Attempting to measure frame rate of screen (0) ...
19.9541 	EXP 	window1: recordFrameIntervals = False
20.1212 	EXP 	window1: recordFrameIntervals = True
20.3056 	EXP 	Screen (0) actual frame rate measured at 60.25Hz
20.3057 	EXP 	window1: recordFrameIntervals = False
22.4772 	EXP 	Created text = TextStim(__class__=<class 'psychopy.visual.text.TextStim'>, alignHoriz=method-wrapper(...), alignText='center', alignVert=method-wrapper(...), anchorHoriz='center', anchorVert='center', antialias=True, autoDraw=False, autoLog=True, bold=False, color=array([1, 1, 1]), colorSpace='rgb', contrast=1.0, depth=-1.0, flipHoriz=False, flipVert=False, font='Open Sans', fontFiles=[], height=0.05, italic=False, languageStyle='LTR', name='text', opacity=1.0, ori=0.0, pos=array([0., 0.]), rgb=UNKNOWN, text=str(...), units='height', win=Window(...), wrapWidth=1)
27.6629 	EXP 	textbox: autoLog = True
27.6629 	EXP 	textbox2: autoLog = True
27.6629 	EXP 	scoreboard: autoLog = True
27.6629 	EXP 	textbox_3: autoLog = True
27.6629 	EXP 	txt1: autoLog = True
27.6629 	EXP 	txt2: autoLog = True
27.6629 	EXP 	textbox_2: autoLog = True
27.6629 	EXP 	text: autoDraw = True
29.6979 	DATA 	Mouse: Left button down, pos=(1420,497)
29.7983 	DATA 	Mouse:  Left button up, pos=(1420,497)
31.5837 	EXP 	Created sequence: random, trialTypes=1, nReps=10, seed=None
31.5840 	EXP 	New trial (rep=0, index=0): None
31.7441 	DATA 	Keypress: space
31.7488 	EXP 	text: autoDraw = False
31.7488 	EXP 	textbox: autoDraw = True
31.7488 	EXP 	textbox2: autoDraw = True
31.7488 	EXP 	scoreboard: autoDraw = True
32.4367 	DATA 	Keypress: left
32.5824 	EXP 	textbox_3: autoDraw = True
33.2546 	DATA 	Keypress: left
33.2876 	EXP 	textbox: autoDraw = False
33.2876 	EXP 	textbox2: autoDraw = False
33.2876 	EXP 	scoreboard: autoDraw = False
33.2876 	EXP 	textbox_3: autoDraw = False
33.2876 	EXP 	txt1: foreColor = <psychopy.colors.Color: lime, alpha=1.0>
33.2876 	EXP 	txt2: foreColor = <psychopy.colors.Color: red, alpha=1.0>
33.7830 	EXP 	txt1: autoDraw = True
33.7830 	EXP 	txt2: autoDraw = True
33.7830 	EXP 	textbox_2: autoDraw = True
36.7690 	EXP 	New trial (rep=1, index=0): None
36.8108 	EXP 	txt1: autoDraw = False
36.8108 	EXP 	txt2: autoDraw = False
36.8108 	EXP 	textbox_2: autoDraw = False
36.8108 	EXP 	scoreboard: autoDraw = True
36.8691 	EXP 	textbox: autoDraw = True
36.8691 	EXP 	textbox2: autoDraw = True
37.7717 	EXP 	textbox_3: autoDraw = True
38.5365 	DATA 	Keypress: right
38.5419 	EXP 	textbox: autoDraw = False
38.5419 	EXP 	textbox2: autoDraw = False
38.5419 	EXP 	scoreboard: autoDraw = False
38.5419 	EXP 	textbox_3: autoDraw = False
38.5419 	EXP 	txt1: foreColor = <psychopy.colors.Color: lime, alpha=1.0>
38.5419 	EXP 	txt2: foreColor = <psychopy.colors.Color: red, alpha=1.0>
39.0210 	EXP 	txt1: autoDraw = True
39.0210 	EXP 	txt2: autoDraw = True
39.0210 	EXP 	textbox_2: autoDraw = True
42.0075 	EXP 	New trial (rep=2, index=0): None
42.1128 	EXP 	txt1: autoDraw = False
42.1128 	EXP 	txt2: autoDraw = False
42.1128 	EXP 	textbox_2: autoDraw = False
42.1128 	EXP 	txt1: autoDraw = False
42.1128 	EXP 	txt2: autoDraw = False
42.1128 	EXP 	textbox_2: autoDraw = False
42.1128 	EXP 	scoreboard: autoDraw = True
42.1241 	EXP 	textbox: autoDraw = True
42.1241 	EXP 	textbox2: autoDraw = True
43.0244 	EXP 	textbox_3: autoDraw = True
43.9061 	DATA 	Keypress: right
43.9117 	EXP 	textbox: autoDraw = False
43.9117 	EXP 	textbox2: autoDraw = False
43.9117 	EXP 	scoreboard: autoDraw = False
43.9117 	EXP 	textbox_3: autoDraw = False
43.9117 	EXP 	txt1: foreColor = <psychopy.colors.Color: red, alpha=1.0>
43.9117 	EXP 	txt2: foreColor = <psychopy.colors.Color: lime, alpha=1.0>
44.3917 	EXP 	txt1: autoDraw = True
44.3917 	EXP 	txt2: autoDraw = True
44.3917 	EXP 	textbox_2: autoDraw = True
47.3782 	EXP 	New trial (rep=3, index=0): None
47.3944 	EXP 	txt1: autoDraw = False
47.3944 	EXP 	txt2: autoDraw = False
47.3944 	EXP 	textbox_2: autoDraw = False
47.3944 	EXP 	txt1: autoDraw = False
47.3944 	EXP 	txt2: autoDraw = False
47.3944 	EXP 	textbox_2: autoDraw = False
47.3944 	EXP 	scoreboard: autoDraw = True
47.4945 	EXP 	textbox: autoDraw = True
47.4945 	EXP 	textbox2: autoDraw = True
48.3952 	EXP 	textbox_3: autoDraw = True
49.2517 	DATA 	Keypress: left
49.2873 	EXP 	textbox: autoDraw = False
49.2873 	EXP 	textbox2: autoDraw = False
49.2873 	EXP 	scoreboard: autoDraw = False
49.2873 	EXP 	textbox_3: autoDraw = False
49.2873 	EXP 	txt1: foreColor = <psychopy.colors.Color: lime, alpha=1.0>
49.2873 	EXP 	txt2: foreColor = <psychopy.colors.Color: red, alpha=1.0>
49.7795 	EXP 	txt1: autoDraw = True
49.7795 	EXP 	txt2: autoDraw = True
49.7795 	EXP 	textbox_2: autoDraw = True
52.7661 	EXP 	New trial (rep=4, index=0): None
52.7821 	EXP 	txt1: autoDraw = False
52.7821 	EXP 	txt2: autoDraw = False
52.7821 	EXP 	textbox_2: autoDraw = False
52.7821 	EXP 	scoreboard: autoDraw = True
52.8658 	EXP 	textbox: autoDraw = True
52.8658 	EXP 	textbox2: autoDraw = True
53.7659 	EXP 	textbox_3: autoDraw = True
54.7726 	DATA 	Keypress: left
54.8062 	EXP 	textbox: autoDraw = False
54.8062 	EXP 	textbox2: autoDraw = False
54.8062 	EXP 	scoreboard: autoDraw = False
54.8062 	EXP 	textbox_3: autoDraw = False
54.8062 	EXP 	txt1: foreColor = <psychopy.colors.Color: red, alpha=1.0>
54.8062 	EXP 	txt2: foreColor = <psychopy.colors.Color: lime, alpha=1.0>
55.2840 	EXP 	txt1: autoDraw = True
55.2840 	EXP 	txt2: autoDraw = True
55.2840 	EXP 	textbox_2: autoDraw = True
58.2706 	EXP 	New trial (rep=5, index=0): None
58.3564 	EXP 	txt1: autoDraw = False
58.3564 	EXP 	txt2: autoDraw = False
58.3564 	EXP 	textbox_2: autoDraw = False
58.3564 	EXP 	txt1: autoDraw = False
58.3564 	EXP 	txt2: autoDraw = False
58.3564 	EXP 	textbox_2: autoDraw = False
58.3564 	EXP 	scoreboard: autoDraw = True
58.3868 	EXP 	textbox: autoDraw = True
58.3868 	EXP 	textbox2: autoDraw = True
59.2879 	EXP 	textbox_3: autoDraw = True
60.0043 	DATA 	Keypress: left
60.0097 	EXP 	textbox: autoDraw = False
60.0097 	EXP 	textbox2: autoDraw = False
60.0097 	EXP 	scoreboard: autoDraw = False
60.0097 	EXP 	textbox_3: autoDraw = False
60.0097 	EXP 	txt1: foreColor = <psychopy.colors.Color: lime, alpha=1.0>
60.0097 	EXP 	txt2: foreColor = <psychopy.colors.Color: red, alpha=1.0>
60.4885 	EXP 	txt1: autoDraw = True
60.4885 	EXP 	txt2: autoDraw = True
60.4885 	EXP 	textbox_2: autoDraw = True
63.4750 	EXP 	New trial (rep=6, index=0): None
63.4911 	EXP 	txt1: autoDraw = False
63.4911 	EXP 	txt2: autoDraw = False
63.4911 	EXP 	textbox_2: autoDraw = False
63.4911 	EXP 	txt1: autoDraw = False
63.4911 	EXP 	txt2: autoDraw = False
63.4911 	EXP 	textbox_2: autoDraw = False
63.4911 	EXP 	scoreboard: autoDraw = True
63.5911 	EXP 	textbox: autoDraw = True
63.5911 	EXP 	textbox2: autoDraw = True
64.4917 	EXP 	textbox_3: autoDraw = True
65.0455 	DATA 	Keypress: left
65.0590 	EXP 	textbox: autoDraw = False
65.0590 	EXP 	textbox2: autoDraw = False
65.0590 	EXP 	scoreboard: autoDraw = False
65.0590 	EXP 	textbox_3: autoDraw = False
65.0590 	EXP 	txt1: foreColor = <psychopy.colors.Color: lime, alpha=1.0>
65.0590 	EXP 	txt2: foreColor = <psychopy.colors.Color: red, alpha=1.0>
65.5593 	EXP 	txt1: autoDraw = True
65.5593 	EXP 	txt2: autoDraw = True
65.5593 	EXP 	textbox_2: autoDraw = True
68.5454 	EXP 	New trial (rep=7, index=0): None
68.5619 	EXP 	txt1: autoDraw = False
68.5619 	EXP 	txt2: autoDraw = False
68.5619 	EXP 	textbox_2: autoDraw = False
68.5619 	EXP 	scoreboard: autoDraw = True
68.6453 	EXP 	textbox: autoDraw = True
68.6453 	EXP 	textbox2: autoDraw = True
69.5460 	EXP 	textbox_3: autoDraw = True
70.4328 	DATA 	Keypress: left
70.4465 	EXP 	textbox: autoDraw = False
70.4465 	EXP 	textbox2: autoDraw = False
70.4465 	EXP 	scoreboard: autoDraw = False
70.4465 	EXP 	textbox_3: autoDraw = False
70.4465 	EXP 	txt1: foreColor = <psychopy.colors.Color: red, alpha=1.0>
70.4465 	EXP 	txt2: foreColor = <psychopy.colors.Color: lime, alpha=1.0>
70.9304 	EXP 	txt1: autoDraw = True
70.9304 	EXP 	txt2: autoDraw = True
70.9304 	EXP 	textbox_2: autoDraw = True
73.9169 	EXP 	New trial (rep=8, index=0): None
73.9330 	EXP 	txt1: autoDraw = False
73.9330 	EXP 	txt2: autoDraw = False
73.9330 	EXP 	textbox_2: autoDraw = False
73.9330 	EXP 	txt1: autoDraw = False
73.9330 	EXP 	txt2: autoDraw = False
73.9330 	EXP 	textbox_2: autoDraw = False
73.9330 	EXP 	scoreboard: autoDraw = True
74.0332 	EXP 	textbox: autoDraw = True
74.0332 	EXP 	textbox2: autoDraw = True
74.9336 	EXP 	textbox_3: autoDraw = True
75.8540 	DATA 	Keypress: left
75.8678 	EXP 	textbox: autoDraw = False
75.8678 	EXP 	textbox2: autoDraw = False
75.8678 	EXP 	scoreboard: autoDraw = False
75.8678 	EXP 	textbox_3: autoDraw = False
75.8678 	EXP 	txt1: foreColor = <psychopy.colors.Color: red, alpha=1.0>
75.8678 	EXP 	txt2: foreColor = <psychopy.colors.Color: lime, alpha=1.0>
76.3513 	EXP 	txt1: autoDraw = True
76.3513 	EXP 	txt2: autoDraw = True
76.3513 	EXP 	textbox_2: autoDraw = True
79.3382 	EXP 	New trial (rep=9, index=0): None
79.3540 	EXP 	txt1: autoDraw = False
79.3540 	EXP 	txt2: autoDraw = False
79.3540 	EXP 	textbox_2: autoDraw = False
79.3540 	EXP 	txt1: autoDraw = False
79.3540 	EXP 	txt2: autoDraw = False
79.3540 	EXP 	textbox_2: autoDraw = False
79.3540 	EXP 	scoreboard: autoDraw = True
79.4540 	EXP 	textbox: autoDraw = True
79.4540 	EXP 	textbox2: autoDraw = True
80.3549 	EXP 	textbox_3: autoDraw = True
81.3426 	DATA 	Keypress: left
81.3558 	EXP 	textbox: autoDraw = False
81.3558 	EXP 	textbox2: autoDraw = False
81.3558 	EXP 	scoreboard: autoDraw = False
81.3558 	EXP 	textbox_3: autoDraw = False
81.3558 	EXP 	txt1: foreColor = <psychopy.colors.Color: red, alpha=1.0>
81.3558 	EXP 	txt2: foreColor = <psychopy.colors.Color: lime, alpha=1.0>
81.8566 	EXP 	txt1: autoDraw = True
81.8566 	EXP 	txt2: autoDraw = True
81.8566 	EXP 	textbox_2: autoDraw = True
84.8586 	EXP 	txt1: autoDraw = False
84.8586 	EXP 	txt2: autoDraw = False
84.8586 	EXP 	textbox_2: autoDraw = False
92.7362 	EXP 	window1: mouseVisible = True
